{
  "stats": {
    "suites": 2,
    "tests": 3,
    "passes": 3,
    "pending": 0,
    "failures": 0,
    "start": "2023-03-08T21:16:33.866Z",
    "end": "2023-03-08T21:17:16.511Z",
    "duration": 42645,
    "testsRegistered": 3,
    "passPercent": 100,
    "pendingPercent": 0,
    "other": 0,
    "hasOther": false,
    "skipped": 0,
    "hasSkipped": false
  },
  "results": [
    {
      "uuid": "4c7419d3-abd1-4885-9333-6fc9432388f7",
      "title": "",
      "fullFile": "",
      "file": "",
      "beforeHooks": [],
      "afterHooks": [],
      "tests": [],
      "suites": [
        {
          "uuid": "d954cd7f-e252-4172-9a1e-3f5f1463c6bb",
          "title": "login",
          "fullFile": "C:\\Users\\digit\\Downloads\\automação-codeceptjs-appium\\steps\\login_test.js",
          "file": "\\steps\\login_test.js",
          "beforeHooks": [
            {
              "title": "\"before all\" hook: codeceptjs.beforeSuite in \"login\"",
              "fullTitle": "login \"before all\" hook: codeceptjs.beforeSuite in \"login\"",
              "timedOut": false,
              "duration": 2,
              "state": null,
              "speed": null,
              "pass": false,
              "fail": false,
              "pending": false,
              "context": null,
              "code": "scenario.suiteSetup(suite)",
              "err": {},
              "uuid": "95cb1fb2-fe24-4959-b924-d154df42ed7c",
              "parentUUID": "d954cd7f-e252-4172-9a1e-3f5f1463c6bb",
              "isHook": true,
              "skipped": false
            },
            {
              "title": "\"before all\" hook: BeforeSuite in \"login\"",
              "fullTitle": "login \"before all\" hook: BeforeSuite in \"login\"",
              "timedOut": false,
              "duration": 6,
              "state": null,
              "speed": null,
              "pass": false,
              "fail": false,
              "pending": false,
              "context": null,
              "code": "console.log('Before Suite')",
              "err": {},
              "uuid": "d31eff83-aeff-43a3-a075-c232931f54d0",
              "parentUUID": "d954cd7f-e252-4172-9a1e-3f5f1463c6bb",
              "isHook": true,
              "skipped": false
            },
            {
              "title": "\"before each\" hook: codeceptjs.before in \"login\"",
              "fullTitle": "login \"before each\" hook: codeceptjs.before in \"login\"",
              "timedOut": false,
              "duration": 6485,
              "state": null,
              "speed": null,
              "pass": false,
              "fail": false,
              "pending": false,
              "context": null,
              "code": "scenario.setup(suite)",
              "err": {},
              "uuid": "ac983aa5-2541-4e91-a1f7-bd1ec0c8a6eb",
              "parentUUID": "d954cd7f-e252-4172-9a1e-3f5f1463c6bb",
              "isHook": true,
              "skipped": false
            },
            {
              "title": "\"before each\" hook: Before in \"login\"",
              "fullTitle": "login \"before each\" hook: Before in \"login\"",
              "timedOut": false,
              "duration": 2,
              "state": null,
              "speed": null,
              "pass": false,
              "fail": false,
              "pending": false,
              "context": null,
              "code": "console.log('Before')",
              "err": {},
              "uuid": "2931ec3b-d83f-4135-9880-ff757464c7de",
              "parentUUID": "d954cd7f-e252-4172-9a1e-3f5f1463c6bb",
              "isHook": true,
              "skipped": false
            }
          ],
          "afterHooks": [
            {
              "title": "\"after all\" hook: AfterSuite in \"login\"",
              "fullTitle": "login \"after all\" hook: AfterSuite in \"login\"",
              "timedOut": false,
              "duration": 1,
              "state": null,
              "speed": null,
              "pass": false,
              "fail": false,
              "pending": false,
              "context": null,
              "code": "console.log('After Suite')",
              "err": {},
              "uuid": "481a88dc-270f-42b8-81d4-a52ddc23464a",
              "parentUUID": "d954cd7f-e252-4172-9a1e-3f5f1463c6bb",
              "isHook": true,
              "skipped": false
            },
            {
              "title": "\"after all\" hook: codeceptjs.afterSuite in \"login\"",
              "fullTitle": "login \"after all\" hook: codeceptjs.afterSuite in \"login\"",
              "timedOut": false,
              "duration": 1,
              "state": null,
              "speed": null,
              "pass": false,
              "fail": false,
              "pending": false,
              "context": null,
              "code": "scenario.suiteTeardown(suite)",
              "err": {},
              "uuid": "829f90aa-e5e6-4990-97a6-0835adaf80bd",
              "parentUUID": "d954cd7f-e252-4172-9a1e-3f5f1463c6bb",
              "isHook": true,
              "skipped": false
            },
            {
              "title": "\"after each\" hook: After in \"login\"",
              "fullTitle": "login \"after each\" hook: After in \"login\"",
              "timedOut": false,
              "duration": 1,
              "state": null,
              "speed": null,
              "pass": false,
              "fail": false,
              "pending": false,
              "context": null,
              "code": "console.log('After')",
              "err": {},
              "uuid": "32e17048-2d0c-40dd-a80b-fc125577ba14",
              "parentUUID": "d954cd7f-e252-4172-9a1e-3f5f1463c6bb",
              "isHook": true,
              "skipped": false
            },
            {
              "title": "\"after each\" hook: finalize codeceptjs in \"login\"",
              "fullTitle": "login \"after each\" hook: finalize codeceptjs in \"login\"",
              "timedOut": false,
              "duration": 247,
              "state": null,
              "speed": null,
              "pass": false,
              "fail": false,
              "pending": false,
              "context": null,
              "code": "scenario.teardown(suite)",
              "err": {},
              "uuid": "99bcf1f5-e8bc-4aba-bfe3-98a10e71a9b3",
              "parentUUID": "d954cd7f-e252-4172-9a1e-3f5f1463c6bb",
              "isHook": true,
              "skipped": false
            }
          ],
          "tests": [
            {
              "title": "login with success @loginSuccess",
              "fullTitle": "login: login with success @loginSuccess",
              "timedOut": false,
              "duration": 5699,
              "state": "passed",
              "speed": "slow",
              "pass": true,
              "fail": false,
              "pending": false,
              "context": null,
              "code": "home_page }) => {\n   /*  I.runOnAndroid(() => {\n        console.log('Estou no Android!')\n    }), */\n    login_page.doLogin('teste@teste.com', '123456')\n    home_page.checkLoginSuccess()",
              "err": {},
              "uuid": "3dc09597-7a6e-4b4c-87c9-6f07921d7a5b",
              "parentUUID": "d954cd7f-e252-4172-9a1e-3f5f1463c6bb",
              "isHook": false,
              "skipped": false
            },
            {
              "title": "login with error @loginError",
              "fullTitle": "login: login with error @loginError",
              "timedOut": false,
              "duration": 5277,
              "state": "passed",
              "speed": "slow",
              "pass": true,
              "fail": false,
              "pending": false,
              "context": null,
              "code": "login_page }) => {\n    login_page.doLogin('xteste@teste.com', '123456')\n    login_page.checkLoginError()",
              "err": {},
              "uuid": "d42e39bd-ac61-45bb-955c-af0999a61615",
              "parentUUID": "d954cd7f-e252-4172-9a1e-3f5f1463c6bb",
              "isHook": false,
              "skipped": false
            }
          ],
          "suites": [],
          "passes": [
            "3dc09597-7a6e-4b4c-87c9-6f07921d7a5b",
            "d42e39bd-ac61-45bb-955c-af0999a61615"
          ],
          "failures": [],
          "pending": [],
          "skipped": [],
          "duration": 10976,
          "root": false,
          "rootEmpty": false,
          "_timeout": 0
        },
        {
          "uuid": "15793879-0fe8-4c75-ab46-a7c66af1acca",
          "title": "students",
          "fullFile": "C:\\Users\\digit\\Downloads\\automação-codeceptjs-appium\\steps\\students_test.js",
          "file": "\\steps\\students_test.js",
          "beforeHooks": [
            {
              "title": "\"before all\" hook: codeceptjs.beforeSuite in \"students\"",
              "fullTitle": "students \"before all\" hook: codeceptjs.beforeSuite in \"students\"",
              "timedOut": false,
              "duration": 0,
              "state": null,
              "speed": null,
              "pass": false,
              "fail": false,
              "pending": false,
              "context": null,
              "code": "scenario.suiteSetup(suite)",
              "err": {},
              "uuid": "ec51ccee-fff2-4c83-b13f-0fb051dd59f5",
              "parentUUID": "15793879-0fe8-4c75-ab46-a7c66af1acca",
              "isHook": true,
              "skipped": false
            },
            {
              "title": "\"before each\" hook: codeceptjs.before in \"students\"",
              "fullTitle": "students \"before each\" hook: codeceptjs.before in \"students\"",
              "timedOut": false,
              "duration": 6581,
              "state": null,
              "speed": null,
              "pass": false,
              "fail": false,
              "pending": false,
              "context": null,
              "code": "scenario.setup(suite)",
              "err": {},
              "uuid": "77a19f31-f053-4aa6-acef-5075c48c2548",
              "parentUUID": "15793879-0fe8-4c75-ab46-a7c66af1acca",
              "isHook": true,
              "skipped": false
            }
          ],
          "afterHooks": [
            {
              "title": "\"after all\" hook: codeceptjs.afterSuite in \"students\"",
              "fullTitle": "students \"after all\" hook: codeceptjs.afterSuite in \"students\"",
              "timedOut": false,
              "duration": 0,
              "state": null,
              "speed": null,
              "pass": false,
              "fail": false,
              "pending": false,
              "context": null,
              "code": "scenario.suiteTeardown(suite)",
              "err": {},
              "uuid": "64248c98-6731-4199-bf52-f7104f840b42",
              "parentUUID": "15793879-0fe8-4c75-ab46-a7c66af1acca",
              "isHook": true,
              "skipped": false
            },
            {
              "title": "\"after each\" hook: finalize codeceptjs in \"students\"",
              "fullTitle": "students \"after each\" hook: finalize codeceptjs in \"students\"",
              "timedOut": false,
              "duration": 213,
              "state": null,
              "speed": null,
              "pass": false,
              "fail": false,
              "pending": false,
              "context": null,
              "code": "scenario.teardown(suite)",
              "err": {},
              "uuid": "acce9ff5-242a-4f6b-9012-78f60525015d",
              "parentUUID": "15793879-0fe8-4c75-ab46-a7c66af1acca",
              "isHook": true,
              "skipped": false
            }
          ],
          "tests": [
            {
              "title": "Add student with success",
              "fullTitle": "students: Add student with success",
              "timedOut": false,
              "duration": 11487,
              "state": "passed",
              "speed": "slow",
              "pass": true,
              "fail": false,
              "pending": false,
              "context": null,
              "code": "login_page, home_page }) => {\n    const code = '9090'\n    const name = 'Fernando Silveira'\n    login_page.doLogin('teste@teste.com', '123456')\n    home_page.registerStudent(code, name)\n    home_page.searchStudent(name, code)",
              "err": {},
              "uuid": "95fa75c2-c0c0-4233-9dcf-2badfd3a3bcd",
              "parentUUID": "15793879-0fe8-4c75-ab46-a7c66af1acca",
              "isHook": false,
              "skipped": false
            }
          ],
          "suites": [],
          "passes": [
            "95fa75c2-c0c0-4233-9dcf-2badfd3a3bcd"
          ],
          "failures": [],
          "pending": [],
          "skipped": [],
          "duration": 11487,
          "root": false,
          "rootEmpty": false,
          "_timeout": 0
        }
      ],
      "passes": [],
      "failures": [],
      "pending": [],
      "skipped": [],
      "duration": 0,
      "root": true,
      "rootEmpty": true,
      "_timeout": 0
    }
  ],
  "meta": {
    "mocha": {
      "version": "10.2.0"
    },
    "mochawesome": {
      "options": {
        "quiet": false,
        "reportFilename": "mochawesome",
        "saveHtml": true,
        "saveJson": true,
        "consoleReporter": "spec",
        "useInlineDiffs": false,
        "code": true
      },
      "version": "7.1.3"
    },
    "marge": {
      "options": {},
      "version": "6.2.0"
    }
  }
}